This is pdfTeX, Version 3.141592653-2.6-1.40.25 (MiKTeX 23.10) (preloaded format=pdflatex 2023.12.7)  9 JAN 2024 18:09
entering extended mode
 restricted \write18 enabled.
 file:line:error style messages enabled.
 %&-line parsing enabled.
**c:/Users/Ben/OneDrive/Documents/GitHub/Predicting-Inflation-with-Machine-Learning-Report/Thesis.tex
(c:/Users/Ben/OneDrive/Documents/GitHub/Predicting-Inflation-with-Machine-Learning-Report/Thesis.tex
LaTeX2e <2023-06-01> patch level 1
L3 programming layer <2023-08-29>
(luthesis.cls
Document Class: luthesis 2023/04/25
(C:\Users\Ben\AppData\Local\Programs\MiKTeX\tex/latex/base\report.cls
Document Class: report 2023/05/17 v1.4n Standard LaTeX document class
(C:\Users\Ben\AppData\Local\Programs\MiKTeX\tex/latex/base\size12.clo
File: size12.clo 2023/05/17 v1.4n Standard LaTeX file (size option)
)
\c@part=\count185
\c@chapter=\count186
\c@section=\count187
\c@subsection=\count188
\c@subsubsection=\count189
\c@paragraph=\count190
\c@subparagraph=\count191
\c@figure=\count192
\c@table=\count193
\abovecaptionskip=\skip48
\belowcaptionskip=\skip49
\bibindent=\dimen140
) (C:\Users\Ben\AppData\Local\Programs\MiKTeX\tex/latex/graphics\color.sty
Package: color 2022/01/06 v1.3d Standard LaTeX Color (DPC)
 (C:\Users\Ben\AppData\Local\Programs\MiKTeX\tex/latex/graphics-cfg\color.cfg
File: color.cfg 2016/01/02 v1.6 sample color configuration
)
Package color Info: Driver file: pdftex.def on input line 149.
 (C:\Users\Ben\AppData\Local\Programs\MiKTeX\tex/latex/graphics-def\pdftex.def
File: pdftex.def 2022/09/22 v1.2b Graphics/color driver for pdftex
) (C:\Users\Ben\AppData\Local\Programs\MiKTeX\tex/latex/graphics\dvipsnam.def
File: dvipsnam.def 2016/06/17 v3.0m Driver-dependent file (DPC,SPQR)
) (C:\Users\Ben\AppData\Local\Programs\MiKTeX\tex/latex/graphics\mathcolor.ltx)) (C:\Users\Ben\AppData\Local\Programs\MiKTeX\tex/latex/graphics\graphicx.sty
Package: graphicx 2021/09/16 v1.2d Enhanced LaTeX Graphics (DPC,SPQR)
 (C:\Users\Ben\AppData\Local\Programs\MiKTeX\tex/latex/graphics\keyval.sty
Package: keyval 2022/05/29 v1.15 key=value parser (DPC)
\KV@toks@=\toks17
) (C:\Users\Ben\AppData\Local\Programs\MiKTeX\tex/latex/graphics\graphics.sty
Package: graphics 2022/03/10 v1.4e Standard LaTeX Graphics (DPC,SPQR)
 (C:\Users\Ben\AppData\Local\Programs\MiKTeX\tex/latex/graphics\trig.sty
Package: trig 2021/08/11 v1.11 sin cos tan (DPC)
) (C:\Users\Ben\AppData\Local\Programs\MiKTeX\tex/latex/graphics-cfg\graphics.cfg
File: graphics.cfg 2016/06/04 v1.11 sample graphics configuration
)
Package graphics Info: Driver file: pdftex.def on input line 107.
)
\Gin@req@height=\dimen141
\Gin@req@width=\dimen142
) (C:\Users\Ben\AppData\Local\Programs\MiKTeX\tex/latex/pdfpages\pdfpages.sty
Package: pdfpages 2022/12/19 v0.5x Insert pages of external PDF documents (AM)
 (C:\Users\Ben\AppData\Local\Programs\MiKTeX\tex/latex/base\ifthen.sty
Package: ifthen 2022/04/13 v1.1d Standard LaTeX ifthen package (DPC)
) (C:\Users\Ben\AppData\Local\Programs\MiKTeX\tex/latex/tools\calc.sty
Package: calc 2017/05/25 v4.3 Infix arithmetic (KKT,FJ)
\calc@Acount=\count194
\calc@Bcount=\count195
\calc@Adimen=\dimen143
\calc@Bdimen=\dimen144
\calc@Askip=\skip50
\calc@Bskip=\skip51
LaTeX Info: Redefining \setlength on input line 80.
LaTeX Info: Redefining \addtolength on input line 81.
\calc@Ccount=\count196
\calc@Cskip=\skip52
) (C:\Users\Ben\AppData\Local\Programs\MiKTeX\tex/latex/eso-pic\eso-pic.sty
Package: eso-pic 2023/05/03 v3.0c eso-pic (RN)
\ESO@tempdima=\dimen145
\ESO@tempdimb=\dimen146
)
\AM@pagewidth=\dimen147
\AM@pageheight=\dimen148
\AM@fboxrule=\dimen149
 (C:\Users\Ben\AppData\Local\Programs\MiKTeX\tex/latex/pdfpages\pppdftex.def
File: pppdftex.def 2022/12/19 v0.5x Pdfpages driver for pdfTeX (AM)
)
\pdfpages@includegraphics@status=\count197
\AM@pagebox=\box51
\AM@global@opts=\toks18
\AM@pagecnt=\count198
\AM@toc@title=\toks19
\AM@lof@heading=\toks20
\c@AM@survey=\count199
\AM@templatesizebox=\box52
) (C:\Users\Ben\AppData\Local\Programs\MiKTeX\tex/latex/sectsty\sectsty.sty
Package: sectsty 2002/02/25 v2.0.2 Commands to change all sectional heading styles


LaTeX Warning: Command \underbar  has changed.
               Check if current package is valid.


LaTeX Warning: Command \underline  has changed.
               Check if current package is valid.

) (C:\Users\Ben\AppData\Local\Programs\MiKTeX\tex/generic/babel\babel.sty
Package: babel 2023/09/29 v3.95 The Babel package
\babel@savecnt=\count266
\U@D=\dimen150
\l@unhyphenated=\language79
 (C:\Users\Ben\AppData\Local\Programs\MiKTeX\tex/generic/babel\txtbabel.def)
\bbl@readstream=\read2
\bbl@dirlevel=\count267

*************************************
* Local config file bblopts.cfg used
*
(C:\Users\Ben\AppData\Local\Programs\MiKTeX\tex/latex/arabi\bblopts.cfg
File: bblopts.cfg 2005/09/08 v0.1 add Arabic and Farsi to "declared" options of babel
) (C:\Users\Ben\AppData\Local\Programs\MiKTeX\tex/latex/babel-english\british.ldf
Language: british 2017/06/06 v3.3r English support from the babel system
 (C:\Users\Ben\AppData\Local\Programs\MiKTeX\tex/latex/babel-english\english.ldf
Language: english 2017/06/06 v3.3r English support from the babel system
Package babel Info: Hyphen rules for 'canadian' set to \l@english
(babel)             (\language0). Reported on input line 102.
Package babel Info: Hyphen rules for 'australian' set to \l@ukenglish
(babel)             (\language73). Reported on input line 105.
Package babel Info: Hyphen rules for 'newzealand' set to \l@ukenglish
(babel)             (\language73). Reported on input line 108.
))) (C:\Users\Ben\AppData\Local\Programs\MiKTeX\tex/generic/babel/locale/en\babel-british.tex
Package babel Info: Importing font and identification data for british
(babel)             from babel-en-GB.ini. Reported on input line 11.
) (C:\Users\Ben\AppData\Local\Programs\MiKTeX\tex/latex/setspace\setspace.sty
Package: setspace 2022/12/04 v6.7b set line spacing
) (C:\Users\Ben\AppData\Local\Programs\MiKTeX\tex/latex/geometry\geometry.sty
Package: geometry 2020/01/02 v5.9 Page Geometry
 (C:\Users\Ben\AppData\Local\Programs\MiKTeX\tex/generic/iftex\ifvtex.sty
Package: ifvtex 2019/10/25 v1.7 ifvtex legacy package. Use iftex instead.
 (C:\Users\Ben\AppData\Local\Programs\MiKTeX\tex/generic/iftex\iftex.sty
Package: iftex 2022/02/03 v1.0f TeX engine tests
))
\Gm@cnth=\count268
\Gm@cntv=\count269
\c@Gm@tempcnt=\count270
\Gm@bindingoffset=\dimen151
\Gm@wd@mp=\dimen152
\Gm@odd@mp=\dimen153
\Gm@even@mp=\dimen154
\Gm@layoutwidth=\dimen155
\Gm@layoutheight=\dimen156
\Gm@layouthoffset=\dimen157
\Gm@layoutvoffset=\dimen158
\Gm@dimlist=\toks21
 (C:\Users\Ben\AppData\Local\Programs\MiKTeX\tex/latex/geometry\geometry.cfg)) (C:\Users\Ben\AppData\Local\Programs\MiKTeX\tex/generic/iftex\ifpdf.sty
Package: ifpdf 2019/10/25 v3.4 ifpdf legacy package. Use iftex instead.
)) (C:\Users\Ben\AppData\Local\Programs\MiKTeX\tex/latex/eso-pic\showframe.sty
Package: showframe 2020/10/14 v0.1j showframe (new impl., RN)
\SF@tempdima=\dimen159
) (C:\Users\Ben\AppData\Local\Programs\MiKTeX\tex/latex/hyperref\hyperref.sty
Package: hyperref 2023-07-08 v7.01b Hypertext links for LaTeX
 (C:\Users\Ben\AppData\Local\Programs\MiKTeX\tex/generic/ltxcmds\ltxcmds.sty
Package: ltxcmds 2020-05-10 v1.25 LaTeX kernel commands for general use (HO)
) (C:\Users\Ben\AppData\Local\Programs\MiKTeX\tex/generic/pdftexcmds\pdftexcmds.sty
Package: pdftexcmds 2020-06-27 v0.33 Utility functions of pdfTeX for LuaTeX (HO)
 (C:\Users\Ben\AppData\Local\Programs\MiKTeX\tex/generic/infwarerr\infwarerr.sty
Package: infwarerr 2019/12/03 v1.5 Providing info/warning/error messages (HO)
)
Package pdftexcmds Info: \pdf@primitive is available.
Package pdftexcmds Info: \pdf@ifprimitive is available.
Package pdftexcmds Info: \pdfdraftmode found.
) (C:\Users\Ben\AppData\Local\Programs\MiKTeX\tex/latex/kvsetkeys\kvsetkeys.sty
Package: kvsetkeys 2022-10-05 v1.19 Key value parser (HO)
) (C:\Users\Ben\AppData\Local\Programs\MiKTeX\tex/generic/kvdefinekeys\kvdefinekeys.sty
Package: kvdefinekeys 2019-12-19 v1.6 Define keys (HO)
) (C:\Users\Ben\AppData\Local\Programs\MiKTeX\tex/generic/pdfescape\pdfescape.sty
Package: pdfescape 2019/12/09 v1.15 Implements pdfTeX's escape features (HO)
) (C:\Users\Ben\AppData\Local\Programs\MiKTeX\tex/latex/hycolor\hycolor.sty
Package: hycolor 2020-01-27 v1.10 Color options for hyperref/bookmark (HO)
) (C:\Users\Ben\AppData\Local\Programs\MiKTeX\tex/latex/letltxmacro\letltxmacro.sty
Package: letltxmacro 2019/12/03 v1.6 Let assignment for LaTeX macros (HO)
) (C:\Users\Ben\AppData\Local\Programs\MiKTeX\tex/latex/auxhook\auxhook.sty
Package: auxhook 2019-12-17 v1.6 Hooks for auxiliary files (HO)
) (C:\Users\Ben\AppData\Local\Programs\MiKTeX\tex/latex/hyperref\nameref.sty
Package: nameref 2023-08-07 v2.53 Cross-referencing by name of section
 (C:\Users\Ben\AppData\Local\Programs\MiKTeX\tex/latex/refcount\refcount.sty
Package: refcount 2019/12/15 v3.6 Data extraction from label references (HO)
) (C:\Users\Ben\AppData\Local\Programs\MiKTeX\tex/generic/gettitlestring\gettitlestring.sty
Package: gettitlestring 2019/12/15 v1.6 Cleanup title references (HO)
 (C:\Users\Ben\AppData\Local\Programs\MiKTeX\tex/latex/kvoptions\kvoptions.sty
Package: kvoptions 2022-06-15 v3.15 Key value format for package options (HO)
))
\c@section@level=\count271
) (C:\Users\Ben\AppData\Local\Programs\MiKTeX\tex/latex/etoolbox\etoolbox.sty
Package: etoolbox 2020/10/05 v2.5k e-TeX tools for LaTeX (JAW)
\etb@tempcnta=\count272
)
\@linkdim=\dimen160
\Hy@linkcounter=\count273
\Hy@pagecounter=\count274
 (C:\Users\Ben\AppData\Local\Programs\MiKTeX\tex/latex/hyperref\pd1enc.def
File: pd1enc.def 2023-07-08 v7.01b Hyperref: PDFDocEncoding definition (HO)
Now handling font encoding PD1 ...
... no UTF-8 mapping file for font encoding PD1
) (C:\Users\Ben\AppData\Local\Programs\MiKTeX\tex/generic/intcalc\intcalc.sty
Package: intcalc 2019/12/15 v1.3 Expandable calculations with integers (HO)
)
\Hy@SavedSpaceFactor=\count275
 (C:\Users\Ben\AppData\Local\Programs\MiKTeX\tex/latex/hyperref\puenc.def
File: puenc.def 2023-07-08 v7.01b Hyperref: PDF Unicode definition (HO)
Now handling font encoding PU ...
... no UTF-8 mapping file for font encoding PU
)
Package hyperref Info: Option `pdfpagelabels' set `true' on input line 4050.
Package hyperref Info: Option `plainpages' set `false' on input line 4050.
Package hyperref Info: Option `bookmarksopen' set `true' on input line 4050.
Package hyperref Info: Option `breaklinks' set `true' on input line 4050.
Package hyperref Info: Option `colorlinks' set `true' on input line 4050.
Package hyperref Info: Option `linktocpage' set `true' on input line 4050.
Package hyperref Info: Hyper figures OFF on input line 4167.
Package hyperref Info: Link nesting OFF on input line 4172.
Package hyperref Info: Hyper index ON on input line 4175.
Package hyperref Info: Plain pages OFF on input line 4182.
Package hyperref Info: Backreferencing OFF on input line 4187.
Package hyperref Info: Implicit mode ON; LaTeX internals redefined.
Package hyperref Info: Bookmarks ON on input line 4434.
\c@Hy@tempcnt=\count276
 (C:\Users\Ben\AppData\Local\Programs\MiKTeX\tex/latex/url\url.sty
\Urlmuskip=\muskip16
Package: url 2013/09/16  ver 3.4  Verb mode for urls, etc.
)
LaTeX Info: Redefining \url on input line 4772.
\XeTeXLinkMargin=\dimen161
 (C:\Users\Ben\AppData\Local\Programs\MiKTeX\tex/generic/bitset\bitset.sty
Package: bitset 2019/12/09 v1.3 Handle bit-vector datatype (HO)
 (C:\Users\Ben\AppData\Local\Programs\MiKTeX\tex/generic/bigintcalc\bigintcalc.sty
Package: bigintcalc 2019/12/15 v1.5 Expandable calculations on big integers (HO)
))
\Fld@menulength=\count277
\Field@Width=\dimen162
\Fld@charsize=\dimen163
Package hyperref Info: Hyper figures OFF on input line 6051.
Package hyperref Info: Link nesting OFF on input line 6056.
Package hyperref Info: Hyper index ON on input line 6059.
Package hyperref Info: backreferencing OFF on input line 6066.
Package hyperref Info: Link coloring ON on input line 6069.
Package hyperref Info: Link coloring with OCG OFF on input line 6076.
Package hyperref Info: PDF/A mode OFF on input line 6081.
 (C:\Users\Ben\AppData\Local\Programs\MiKTeX\tex/latex/base\atbegshi-ltx.sty
Package: atbegshi-ltx 2021/01/10 v1.0c Emulation of the original atbegshi
package with kernel methods
)
\Hy@abspage=\count278
\c@Item=\count279
\c@Hfootnote=\count280
)
Package hyperref Info: Driver (autodetected): hpdftex.
 (C:\Users\Ben\AppData\Local\Programs\MiKTeX\tex/latex/hyperref\hpdftex.def
File: hpdftex.def 2023-07-08 v7.01b Hyperref driver for pdfTeX
 (C:\Users\Ben\AppData\Local\Programs\MiKTeX\tex/latex/base\atveryend-ltx.sty
Package: atveryend-ltx 2020/08/19 v1.0a Emulation of the original atveryend package
with kernel methods
)
\Fld@listcount=\count281
\c@bookmark@seq@number=\count282
 (C:\Users\Ben\AppData\Local\Programs\MiKTeX\tex/latex/rerunfilecheck\rerunfilecheck.sty
Package: rerunfilecheck 2022-07-10 v1.10 Rerun checks for auxiliary files (HO)
 (C:\Users\Ben\AppData\Local\Programs\MiKTeX\tex/generic/uniquecounter\uniquecounter.sty
Package: uniquecounter 2019/12/15 v1.4 Provide unlimited unique counter (HO)
)
Package uniquecounter Info: New unique counter `rerunfilecheck' on input line 285.
)
\Hy@SectionHShift=\skip53
) (C:\Users\Ben\AppData\Local\Programs\MiKTeX\tex/latex/booktabs\booktabs.sty
Package: booktabs 2020/01/12 v1.61803398 Publication quality tables
\heavyrulewidth=\dimen164
\lightrulewidth=\dimen165
\cmidrulewidth=\dimen166
\belowrulesep=\dimen167
\belowbottomsep=\dimen168
\aboverulesep=\dimen169
\abovetopsep=\dimen170
\cmidrulesep=\dimen171
\cmidrulekern=\dimen172
\defaultaddspace=\dimen173
\@cmidla=\count283
\@cmidlb=\count284
\@aboverulesep=\dimen174
\@belowrulesep=\dimen175
\@thisruleclass=\count285
\@lastruleclass=\count286
\@thisrulewidth=\dimen176
) (C:\Users\Ben\AppData\Local\Programs\MiKTeX\tex/latex/float\float.sty
Package: float 2001/11/08 v1.3d Float enhancements (AL)
\c@float@type=\count287
\float@exts=\toks22
\float@box=\box53
\@float@everytoks=\toks23
\@floatcapt=\box54
) (C:\Users\Ben\AppData\Local\Programs\MiKTeX\tex/latex/varwidth\varwidth.sty
Package: varwidth 2009/03/30 ver 0.92;  Variable-width minipages
\@vwid@box=\box55
\sift@deathcycles=\count288
\@vwid@loff=\dimen177
\@vwid@roff=\dimen178
) (C:\Users\Ben\AppData\Local\Programs\MiKTeX\tex/latex/l3backend\l3backend-pdftex.def
File: l3backend-pdftex.def 2023-04-19 L3 backend support: PDF output (pdfTeX)
\l__color_backend_stack_int=\count289
\l__pdf_internal_box=\box56
) (Thesis.aux)
\openout1 = `Thesis.aux'.

LaTeX Font Info:    Checking defaults for OML/cmm/m/it on input line 31.
LaTeX Font Info:    ... okay on input line 31.
LaTeX Font Info:    Checking defaults for OMS/cmsy/m/n on input line 31.
LaTeX Font Info:    ... okay on input line 31.
LaTeX Font Info:    Checking defaults for OT1/cmr/m/n on input line 31.
LaTeX Font Info:    ... okay on input line 31.
LaTeX Font Info:    Checking defaults for T1/cmr/m/n on input line 31.
LaTeX Font Info:    ... okay on input line 31.
LaTeX Font Info:    Checking defaults for TS1/cmr/m/n on input line 31.
LaTeX Font Info:    ... okay on input line 31.
LaTeX Font Info:    Checking defaults for OMX/cmex/m/n on input line 31.
LaTeX Font Info:    ... okay on input line 31.
LaTeX Font Info:    Checking defaults for U/cmr/m/n on input line 31.
LaTeX Font Info:    ... okay on input line 31.
LaTeX Font Info:    Checking defaults for PD1/pdf/m/n on input line 31.
LaTeX Font Info:    ... okay on input line 31.
LaTeX Font Info:    Checking defaults for PU/pdf/m/n on input line 31.
LaTeX Font Info:    ... okay on input line 31.
 (C:\Users\Ben\AppData\Local\Programs\MiKTeX\tex/context/base/mkii\supp-pdf.mkii
[Loading MPS to PDF converter (version 2006.09.02).]
\scratchcounter=\count290
\scratchdimen=\dimen179
\scratchbox=\box57
\nofMPsegments=\count291
\nofMParguments=\count292
\everyMPshowfont=\toks24
\MPscratchCnt=\count293
\MPscratchDim=\dimen180
\MPnumerator=\count294
\makeMPintoPDFobject=\count295
\everyMPtoPDFconversion=\toks25
) (C:\Users\Ben\AppData\Local\Programs\MiKTeX\tex/latex/epstopdf-pkg\epstopdf-base.sty
Package: epstopdf-base 2020-01-24 v2.11 Base part for package epstopdf
Package epstopdf-base Info: Redefining graphics rule for `.eps' on input line 485.
 (C:\Users\Ben\AppData\Local\Programs\MiKTeX\tex/latex/00miktex\epstopdf-sys.cfg
File: epstopdf-sys.cfg 2021/03/18 v2.0 Configuration of epstopdf for MiKTeX
)) (C:\Users\Ben\AppData\Local\Programs\MiKTeX\tex/latex/pdflscape\pdflscape.sty
Package: pdflscape 2022-10-27 v0.13 Display of landscape pages in PDF
 (C:\Users\Ben\AppData\Local\Programs\MiKTeX\tex/latex/pdflscape\pdflscape-nometadata.sty
Package: pdflscape-nometadata 2022-10-28 v0.13 Display of landscape pages in PDF (HO)
 (C:\Users\Ben\AppData\Local\Programs\MiKTeX\tex/latex/graphics\lscape.sty
Package: lscape 2020/05/28 v3.02 Landscape Pages (DPC)
)
Package pdflscape Info: Auto-detected driver: pdftex on input line 81.
))
*geometry* driver: auto-detecting
*geometry* detected driver: pdftex
*geometry* verbose mode - [ preamble ] result:
* driver: pdftex
* paper: <default>
* layout: <same size as paper>
* layoutoffset:(h,v)=(0.0pt,0.0pt)
* modes: 
* h-part:(L,W,R)=(108.405pt, 416.83289pt, 72.26999pt)
* v-part:(T,H,B)=(72.26999pt, 700.50687pt, 72.26999pt)
* \paperwidth=597.50787pt
* \paperheight=845.04684pt
* \textwidth=416.83289pt
* \textheight=700.50687pt
* \oddsidemargin=36.13501pt
* \evensidemargin=36.13501pt
* \topmargin=-37.0pt
* \headheight=12.0pt
* \headsep=25.0pt
* \topskip=12.0pt
* \footskip=30.0pt
* \marginparwidth=35.0pt
* \marginparsep=10.0pt
* \columnsep=10.0pt
* \skip\footins=10.8pt plus 4.0pt minus 2.0pt
* \hoffset=0.0pt
* \voffset=0.0pt
* \mag=1000
* \@twocolumnfalse
* \@twosidefalse
* \@mparswitchfalse
* \@reversemarginfalse
* (1in=72.27pt=25.4mm, 1cm=28.453pt)

Package hyperref Info: Link coloring ON on input line 31.
(Thesis.out) (Thesis.out)
\@outlinefile=\write3
\openout3 = `Thesis.out'.

LaTeX Font Info:    External font `cmex10' loaded for size
(Font)              <12> on input line 33.
LaTeX Font Info:    External font `cmex10' loaded for size
(Font)              <8> on input line 33.
LaTeX Font Info:    External font `cmex10' loaded for size
(Font)              <6> on input line 33.
LaTeX Font Info:    External font `cmex10' loaded for size
(Font)              <17.28> on input line 33.
 [1
color push 0 g 0 G
color pop

{C:/Users/Ben/AppData/Local/MiKTeX/fonts/map/pdftex/pdftex.map}
color push 0 g 0 G
color pop
color push 0 g 0 G
color pop
color push 0 g 0 G
color pop
] (Abstract.tex
Chapter 0.
)
Underfull \hbox (badness 10000) in paragraph at lines 8--35

 []

[2
color push 0 g 0 G
color pop



color push 0 g 0 G
color pop
color push 0 g 0 G
color pop
]
Chapter 0.
[3
color push 0 g 0 G
color pop

color push 0 g 0 G
color pop
color push 0 g 0 G
color pop
] (Thesis.toc)
\tf@toc=\write4
\openout4 = `Thesis.toc'.

 [4
color push 0 g 0 G
color pop

color push 0  0  0.5 rg 0  0  0.5 RG
color pop
color push 0  0  0.5 rg 0  0  0.5 RG
color pop
color push 0  0  0.5 rg 0  0  0.5 RG
color pop
color push 0 g 0 G
color push 0  0  0.5 rg 0  0  0.5 RG
color pop
color pop
color push 0 g 0 G
color push 0  0  0.5 rg 0  0  0.5 RG
color pop
color pop
color push 0 g 0 G
color push 0  0  0.5 rg 0  0  0.5 RG
color pop
color pop
color push 0 g 0 G
color push 0  0  0.5 rg 0  0  0.5 RG
color pop
color pop
color push 0  0  0.5 rg 0  0  0.5 RG
color pop
color push 0 g 0 G
color push 0  0  0.5 rg 0  0  0.5 RG
color pop
color pop
color push 0 g 0 G
color push 0  0  0.5 rg 0  0  0.5 RG
color pop
color pop
color push 0 g 0 G
color push 0  0  0.5 rg 0  0  0.5 RG
color pop
color pop
color push 0 g 0 G
color push 0  0  0.5 rg 0  0  0.5 RG
color pop
color pop
color push 0 g 0 G
color push 0  0  0.5 rg 0  0  0.5 RG
color pop
color pop
color push 0 g 0 G
color push 0  0  0.5 rg 0  0  0.5 RG
color pop
color pop
color push 0 g 0 G
color push 0  0  0.5 rg 0  0  0.5 RG
color pop
color pop
color push 0 g 0 G
color push 0  0  0.5 rg 0  0  0.5 RG
color pop
color pop
color push 0 g 0 G
color push 0  0  0.5 rg 0  0  0.5 RG
color pop
color pop
color push 0 g 0 G
color push 0  0  0.5 rg 0  0  0.5 RG
color pop
color pop
color push 0  0  0.5 rg 0  0  0.5 RG
color pop
color push 0  0  0.5 rg 0  0  0.5 RG
color pop
color push 0  0  0.5 rg 0  0  0.5 RG
color pop
color push 0 g 0 G
color pop
color push 0 g 0 G
color pop
] (Thesis.lof)
\tf@lof=\write5
\openout5 = `Thesis.lof'.

 [5
color push 0 g 0 G
color pop

color push 0 g 0 G
color push 0  0  0.5 rg 0  0  0.5 RG
color pop
color pop
color push 0 g 0 G
color push 0  0  0.5 rg 0  0  0.5 RG
color pop
color pop
color push 0 g 0 G
color push 0  0  0.5 rg 0  0  0.5 RG
color pop
color pop
color push 0 g 0 G
color pop
color push 0 g 0 G
color pop
] (Thesis.lot)
\tf@lot=\write6
\openout6 = `Thesis.lot'.

 [6
color push 0 g 0 G
color pop

color push 0 g 0 G
color pop
color push 0 g 0 G
color pop
] (Thesis.bbl
Underfull \hbox (badness 1436) in paragraph at lines 70--76
[]\OT1/cmr/m/n/12 Brigid Francis-Devine.  Rising cost of liv-ing in the uk.  [][]$\OT1/cmtt/m/n/12 https : / /
 []


Underfull \hbox (badness 1297) in paragraph at lines 70--76
\OT1/cmtt/m/n/12 commonslibrary . parliament . uk / research-[]briefings / cbp-[]9428/$[][]\OT1/cmr/m/n/12 , 2023.
 []

[1
color push 0 g 0 G
color pop


color push 0 g 0 G
color pop
color push 0 g 0 G
color pop
color push 0 g 0 G
color pop
color push 0 g 0 G
color pop
color push 0 g 0 G
color pop
color push 0 g 0 G
color pop
color push 0 g 0 G
color pop
color push 0 g 0 G
color pop
color push 0 g 0 G
color pop
color push 0 g 0 G
color pop
color push 0 g 0 G
color pop
color push 0 g 0 G
color pop
color push 0 g 0 G
color pop
color push 0 g 0 G
color pop
color push 0 g 0 G
color pop
]
Underfull \hbox (badness 10000) in paragraph at lines 110--117
\OT1/cmtt/m/n/12 18 / bank-[]of-[]england-[]covid-[]money-[]printing-[]drove-[]up-[]inflation / # :
 []


Underfull \hbox (badness 10000) in paragraph at lines 110--117
[] \OT1/cmtt/m/n/12 : text = During % 20the % 20pandemic % 2C % 20the % 20Bank ,[] to % 20a % 20record %
 []

[2
color push 0 g 0 G
color pop
color push 0 g 0 G
color pop
color push 0 1 0 0 k 0 1 0 0 K
color pop
color push 0 g 0 G
color pop
color push 0 g 0 G
color pop
color push 0 g 0 G
color pop
color push 0 g 0 G
color pop
color push 0 g 0 G
color pop
color push 0 g 0 G
color pop
color push 0 g 0 G
color pop
color push 0 1 0 0 k 0 1 0 0 K
color pop
color push 0 g 0 G
color pop
color push 0 g 0 G
color pop
color push 0 g 0 G
color pop
color push 0 g 0 G
color pop
color push 0 g 0 G
color pop
color push 0 g 0 G
color pop
color push 0 g 0 G
color pop
]) (Introduction.tex [3
color push 0 g 0 G
color pop
color push 0 g 0 G
color pop
color push 0 g 0 G
color pop
color push 0 g 0 G
color pop
color push 0 g 0 G
color pop
color push 0 g 0 G
color pop
color push 0 g 0 G
color pop
color push 0 g 0 G
color pop
color push 0 g 0 G
color pop
color push 0 g 0 G
color pop
color push 0 g 0 G
color pop
]
Chapter 1.
[4
color push 0 g 0 G
color pop

color push 0 g 0 G
color pop
color push 0 g 0 G
color pop
]) (Literature Review.tex [5
color push 0 g 0 G
color pop
color push 0 g 0 G
color pop
color push 0 g 0 G
color pop
color push 0 g 0 G
color pop
color push 0 g 0 G
color pop
color push 0 g 0 G
color pop
color push 0 g 0 G
color pop
color push 0 g 0 G
color pop
color push 0 g 0 G
color pop
color push 0 g 0 G
color pop
color push 0 g 0 G
color pop
color push 0 g 0 G
color pop
color push 0 g 0 G
color pop
color push 0 g 0 G
color pop
color push 0 g 0 G
color pop
color push 0 g 0 G
color pop
color push 0 g 0 G
color pop
color push 0 g 0 G
color pop
]
Chapter 2.
<images/FTSForecastingMethods.png, id=229, 534.99875pt x 466.74374pt>
File: images/FTSForecastingMethods.png Graphic file (type png)
<use images/FTSForecastingMethods.png>
Package pdftex.def Info: images/FTSForecastingMethods.png  used on input line 33.
(pdftex.def)             Requested size: 312.62466pt x 272.74843pt.
[6
color push 0 g 0 G
color pop

color push 0 g 0 G
color pop
color push 0 g 0 G
color pop
] [7
color push 0 g 0 G
color pop
color push 0  0.5  0 rg 0  0.5  0 RG
color pop
color push 0  0  0.5 rg 0  0  0.5 RG
color pop
color push 0  0.5  0 rg 0  0.5  0 RG
color pop
color push 0 g 0 G

pdfTeX warning (ext4): destination with the same identifier (name{figure.2.1}) has been already used, duplicate ignored
<argument> ...shipout:D \box_use:N \l_shipout_box 
                                                  \__shipout_drop_firstpage_...
l.54 
     
color push 0  0.5  0 rg 0  0.5  0 RG
color pop
color pop
color push 0  0.5  0 rg 0  0.5  0 RG
color pop
color push 0  0.5  0 rg 0  0.5  0 RG
color pop
color push 0  0.5  0 rg 0  0.5  0 RG
color pop
color push 0 g 0 G
color pop
color push 0 g 0 G
color pop
 <./images/FTSForecastingMethods.png (PNG copy)>]
<images/articleGrowth.png, id=253, 636.57825pt x 372.1905pt>
File: images/articleGrowth.png Graphic file (type png)
<use images/articleGrowth.png>
Package pdftex.def Info: images/articleGrowth.png  used on input line 61.
(pdftex.def)             Requested size: 312.62466pt x 182.78383pt.
 [8
color push 0 g 0 G
color pop
color push 0  0.5  0 rg 0  0.5  0 RG
color pop
color push 0  0.5  0 rg 0  0.5  0 RG
color pop
color push 0  0.5  0 rg 0  0.5  0 RG
color pop
color push 0  0.5  0 rg 0  0.5  0 RG
color pop
color push 0  0.5  0 rg 0  0.5  0 RG
color pop
color push 0  0.5  0 rg 0  0.5  0 RG
color pop
color push 0  0.5  0 rg 0  0.5  0 RG
color pop
color push 0  0.5  0 rg 0  0.5  0 RG
color pop
color push 0 g 0 G
color pop
color push 0 g 0 G
color pop
] [9
color push 0 g 0 G
color pop
color push 0 g 0 G

pdfTeX warning (ext4): destination with the same identifier (name{figure.2.2}) has been already used, duplicate ignored
<argument> ...shipout:D \box_use:N \l_shipout_box 
                                                  \__shipout_drop_firstpage_...
l.88 \par
         
color push 0  0.5  0 rg 0  0.5  0 RG
color pop
color pop
color push 0  0  0.5 rg 0  0  0.5 RG
color pop
color push 0  0.5  0 rg 0  0.5  0 RG
color pop
color push 0  0.5  0 rg 0  0.5  0 RG
color pop
color push 0  0.5  0 rg 0  0.5  0 RG
color pop
color push 0 g 0 G
color pop
color push 0 g 0 G
color pop
 <./images/articleGrowth.png>] [10
color push 0 g 0 G
color pop
color push 0  0.5  0 rg 0  0.5  0 RG
color pop
color push 0  0.5  0 rg 0  0.5  0 RG
color pop
color push 0  0.5  0 rg 0  0.5  0 RG
color pop
color push 0  0.5  0 rg 0  0.5  0 RG
color pop
color push 0  0.5  0 rg 0  0.5  0 RG
color pop
color push 0  0.5  0 rg 0  0.5  0 RG
color pop
color push 0 g 0 G
color pop
color push 0 g 0 G
color pop
]
<images/CmnAcFc.png, id=283, 397.485pt x 469.755pt>
File: images/CmnAcFc.png Graphic file (type png)
<use images/CmnAcFc.png>
Package pdftex.def Info: images/CmnAcFc.png  used on input line 138.
(pdftex.def)             Requested size: 312.62466pt x 369.47528pt.
 [11
color push 0 g 0 G
color pop
color push 0  0.5  0 rg 0  0.5  0 RG
color pop
color push 0  0  0.5 rg 0  0  0.5 RG
color pop
color push 0 g 0 G
color pop
color push 0 g 0 G
color pop
] [12
color push 0 g 0 G
color pop
color push 0 g 0 G
color push 0 g 0 G

pdfTeX warning (ext4): destination with the same identifier (name{figure.2.3}) has been already used, duplicate ignored
<argument> ...shipout:D \box_use:N \l_shipout_box 
                                                  \__shipout_drop_firstpage_...
l.164 \par
           Advantages of Support Vector Regression:
color push 0  0.5  0 rg 0  0.5  0 RG
color pop
color pop
color pop
color push 0 g 0 G
color pop
color push 0  0.5  0 rg 0  0.5  0 RG
color pop
color push 0 g 0 G
color pop
color push 0 g 0 G
color pop
color push 0 g 0 G
color pop
color push 0 g 0 G
color pop
color push 0 g 0 G
color pop
color push 0  0.5  0 rg 0  0.5  0 RG
color pop
color push 0 g 0 G
color pop
color push 0 g 0 G
color pop
 <./images/CmnAcFc.png>]
Overfull \hbox (3.33221pt too wide) in paragraph at lines 168--169
[]\OT1/cmr/m/n/12 SVRs can main-tain sta-bil-ity des-pite noisy in-put data thanks to the $\OML/cmm/m/it/12 "$\OT1/cmr/m/n/12 -incentive
 []

[13
color push 0 g 0 G
color pop
color push 0  0.5  0 rg 0  0.5  0 RG
color pop
color push 0 g 0 G
color pop
color push 0 g 0 G
color pop
color push 0 g 0 G
color pop
color push 0  0.5  0 rg 0  0.5  0 RG
color pop
color push 0 g 0 G
color pop
color push 0  0.5  0 rg 0  0.5  0 RG
color pop
color push 0 g 0 G
color pop
color push 0  0.5  0 rg 0  0.5  0 RG
color pop
color push 0  0.5  0 rg 0  0.5  0 RG
color pop
color push 0  0.5  0 rg 0  0.5  0 RG
color pop
color push 0 g 0 G
color pop
color push 0  0.5  0 rg 0  0.5  0 RG
color pop
color push 0 g 0 G
color pop
color push 0 g 0 G
color pop
] [14
color push 0 g 0 G
color pop
color push 0 g 0 G
color pop
color push 0 g 0 G
color pop
color push 0 g 0 G
color pop
color push 0 g 0 G
color pop
color push 0 g 0 G
color pop
color push 0 g 0 G
color pop
color push 0 g 0 G
color pop
color push 0 g 0 G
color pop
color push 0 g 0 G
color pop
]) [15
color push 0 g 0 G
color pop
color push 0 g 0 G
color pop
color push 0 g 0 G
color pop
]
Chapter 3.
[16
color push 0 g 0 G
color pop

color push 0 g 0 G
color pop
color push 0 g 0 G
color pop
]
Chapter 4.
[17
color push 0 g 0 G
color pop

color push 0 g 0 G
color pop
color push 0 g 0 G
color pop
]
Chapter 5.
[18
color push 0 g 0 G
color pop

color push 0 g 0 G
color pop
color push 0 g 0 G
color pop
] (Thesis.aux)
 ***********
LaTeX2e <2023-06-01> patch level 1
L3 programming layer <2023-08-29>
 ***********
Package rerunfilecheck Info: File `Thesis.out' has not changed.
(rerunfilecheck)             Checksum: D521465B89F2F3E644757DEC68B6C7AC;2981.
 ) 
Here is how much of TeX's memory you used:
 11730 strings out of 475248
 191533 string characters out of 5758757
 1931785 words of memory out of 5000000
 32950 multiletter control sequences out of 15000+600000
 566049 words of font info for 62 fonts, out of 8000000 for 9000
 1141 hyphenation exceptions out of 8191
 75i,15n,79p,409b,584s stack positions out of 10000i,1000n,20000p,200000b,200000s
 <C:\Users\Ben\AppData\Local\MiKTeX\fonts/pk/ljfour/jknappen/ec/dpi600\tcrm1200.pk><C:/Users/Ben/AppData/Local/Programs/MiKTeX/fonts/type1/public/amsfonts/cm/cmbx12.pfb><C:/Users/Ben/AppData/Local/Programs/MiKTeX/fonts/type1/public/amsfonts/cm/cmex10.pfb><C:/Users/Ben/AppData/Local/Programs/MiKTeX/fonts/type1/public/amsfonts/cm/cmmi12.pfb><C:/Users/Ben/AppData/Local/Programs/MiKTeX/fonts/type1/public/amsfonts/cm/cmmi6.pfb><C:/Users/Ben/AppData/Local/Programs/MiKTeX/fonts/type1/public/amsfonts/cm/cmmi8.pfb><C:/Users/Ben/AppData/Local/Programs/MiKTeX/fonts/type1/public/amsfonts/cm/cmr10.pfb><C:/Users/Ben/AppData/Local/Programs/MiKTeX/fonts/type1/public/amsfonts/cm/cmr12.pfb><C:/Users/Ben/AppData/Local/Programs/MiKTeX/fonts/type1/public/amsfonts/cm/cmr17.pfb><C:/Users/Ben/AppData/Local/Programs/MiKTeX/fonts/type1/public/amsfonts/cm/cmr6.pfb><C:/Users/Ben/AppData/Local/Programs/MiKTeX/fonts/type1/public/amsfonts/cm/cmr8.pfb><C:/Users/Ben/AppData/Local/Programs/MiKTeX/fonts/type1/public/amsfonts/cm/cmsl12.pfb><C:/Users/Ben/AppData/Local/Programs/MiKTeX/fonts/type1/public/amsfonts/cm/cmsy10.pfb><C:/Users/Ben/AppData/Local/Programs/MiKTeX/fonts/type1/public/amsfonts/cm/cmsy8.pfb><C:/Users/Ben/AppData/Local/Programs/MiKTeX/fonts/type1/public/amsfonts/cm/cmti12.pfb><C:/Users/Ben/AppData/Local/Programs/MiKTeX/fonts/type1/public/amsfonts/cm/cmtt12.pfb>
Output written on Thesis.pdf (24 pages, 657590 bytes).
PDF statistics:
 430 PDF objects out of 1000 (max. 8388607)
 107 named destinations out of 1000 (max. 500000)
 184 words of extra memory for PDF output out of 10000 (max. 10000000)

